[debug] [2023-05-11T08:29:39.662Z] ----------------------------------------------------------------------
[debug] [2023-05-11T08:29:39.664Z] Command:       C:\Program Files\nodejs\node.exe C:\Users\Fabio Dagostino\AppData\Roaming\npm\node_modules\firebase-tools\lib\bin\firebase.js init hosting:github
[debug] [2023-05-11T08:29:39.665Z] CLI Version:   11.16.1
[debug] [2023-05-11T08:29:39.665Z] Platform:      win32
[debug] [2023-05-11T08:29:39.665Z] Node Version:  v16.13.2
[debug] [2023-05-11T08:29:39.666Z] Time:          Thu May 11 2023 10:29:39 GMT+0200 (Ora legale dell’Europa centrale)
[debug] [2023-05-11T08:29:39.667Z] ----------------------------------------------------------------------
[debug] 
[debug] [2023-05-11T08:29:39.741Z] > command requires scopes: ["email","openid","https://www.googleapis.com/auth/cloudplatformprojects.readonly","https://www.googleapis.com/auth/firebase","https://www.googleapis.com/auth/cloud-platform"]
[debug] [2023-05-11T08:29:39.741Z] > authorizing via signed-in user (f94dagos@gmail.com)
[info] 
     ######## #### ########  ######## ########     ###     ######  ########
     ##        ##  ##     ## ##       ##     ##  ##   ##  ##       ##
     ######    ##  ########  ######   ########  #########  ######  ######
     ##        ##  ##    ##  ##       ##     ## ##     ##       ## ##
     ##       #### ##     ## ######## ########  ##     ##  ######  ########

You're about to initialize a Firebase project in this directory:

  C:\Users\Fabio Dagostino\Documents\GitHub\Project\rot

Before we get started, keep in mind:

  * You are initializing within an existing Firebase project directory

[info] 
=== Project Setup
[info] 
[info] First, let's associate this project directory with a Firebase project.
[info] You can create multiple project aliases by running firebase use --add, 
[info] but for now we'll just set up a default project.
[info] 
[debug] [2023-05-11T08:29:43.385Z] Using project from CLI flag: rotiniel-35c5b
[debug] [2023-05-11T08:29:43.388Z] >>> [apiv2][query] GET https://firebase.googleapis.com/v1beta1/projects/rotiniel-35c5b [none]
[debug] [2023-05-11T08:29:43.851Z] <<< [apiv2][status] GET https://firebase.googleapis.com/v1beta1/projects/rotiniel-35c5b 200
[debug] [2023-05-11T08:29:43.851Z] <<< [apiv2][body] GET https://firebase.googleapis.com/v1beta1/projects/rotiniel-35c5b {"projectId":"rotiniel-35c5b","projectNumber":"546264380520","displayName":"rotiniel","name":"projects/rotiniel-35c5b","resources":{"hostingSite":"rotiniel-35c5b"},"state":"ACTIVE","etag":"1_d21451ef-83cb-4459-82b0-1ffb3799a242"}
[info] i  Using project rotiniel-35c5b (rotiniel) 
[info] 
=== Hosting:github Setup
[info] 
[info] i  Detected a .git folder at C:\Users\Fabio Dagostino\Documents\GitHub\Project\rot 
[info] i  Authorizing with GitHub to upload your service account to a GitHub repository's secrets store. 
[info] 
[info] Visit this URL on this device to log in:
[info] https://github.com/login/oauth/authorize?client_id=89cf50f02ac6aaed3484&state=66068219&redirect_uri=http%3A%2F%2Flocalhost%3A9005&scope=read%3Auser%20repo%20public_repo
[info] 
[info] Waiting for authentication...
[debug] [2023-05-11T08:29:44.274Z] >>> [apiv2][query] POST https://github.com/login/oauth/access_token [none]
[debug] [2023-05-11T08:29:44.274Z] >>> [apiv2][body] POST https://github.com/login/oauth/access_token [stream]
[debug] [2023-05-11T08:29:44.571Z] <<< [apiv2][status] POST https://github.com/login/oauth/access_token 200
[debug] [2023-05-11T08:29:44.571Z] <<< [apiv2][body] POST https://github.com/login/oauth/access_token {"access_token":"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","token_type":"bearer","scope":"read:user,repo"}
[debug] [2023-05-11T08:29:44.578Z] >>> [apiv2][query] GET https://api.github.com/user [none]
[debug] [2023-05-11T08:29:44.865Z] <<< [apiv2][status] GET https://api.github.com/user 200
[debug] [2023-05-11T08:29:44.865Z] <<< [apiv2][body] GET https://api.github.com/user {"login":"FabiodAgostino","id":83577536,"node_id":"MDQ6VXNlcjgzNTc3NTM2","avatar_url":"https://avatars.githubusercontent.com/u/83577536?v=4","gravatar_id":"","url":"https://api.github.com/users/FabiodAgostino","html_url":"https://github.com/FabiodAgostino","followers_url":"https://api.github.com/users/FabiodAgostino/followers","following_url":"https://api.github.com/users/FabiodAgostino/following{/other_user}","gists_url":"https://api.github.com/users/FabiodAgostino/gists{/gist_id}","starred_url":"https://api.github.com/users/FabiodAgostino/starred{/owner}{/repo}","subscriptions_url":"https://api.github.com/users/FabiodAgostino/subscriptions","organizations_url":"https://api.github.com/users/FabiodAgostino/orgs","repos_url":"https://api.github.com/users/FabiodAgostino/repos","events_url":"https://api.github.com/users/FabiodAgostino/events{/privacy}","received_events_url":"https://api.github.com/users/FabiodAgostino/received_events","type":"User","site_admin":false,"name":null,"company":null,"blog":"","location":null,"email":null,"hireable":null,"bio":null,"twitter_username":null,"public_repos":7,"public_gists":0,"followers":0,"following":0,"created_at":"2021-05-03T08:34:45Z","updated_at":"2023-05-11T08:23:45Z","private_gists":0,"total_private_repos":9,"owned_private_repos":9,"disk_usage":12668,"collaborators":4,"two_factor_authentication":false,"plan":{"name":"free","space":976562499,"collaborators":0,"private_repos":10000}}
[info] 
[info] +  Success! Logged into GitHub as FabiodAgostino 
[info] 
